2022-12-14 20:46:30,645 INFO  [Log] ********************************** 
2022-12-14 20:46:30,646 INFO  [Log] ***************************************** 
2022-12-14 20:46:30,646 INFO  [Log] ############   My first test case is Login test ################ 
2022-12-14 20:46:30,646 INFO  [Log] ********************************** 
2022-12-14 20:46:30,646 INFO  [Log] ***************************************** 
2022-12-14 20:46:30,646 INFO  [Log] My login test is going on 
2022-12-14 20:46:30,646 INFO  [Log] My test case might be failed 
2022-12-14 20:46:32,837 INFO  [Log] My test case is about to complete 
2022-12-14 20:46:32,837 INFO  [Log] ################################## 
2022-12-14 20:46:32,837 INFO  [Log] ########################################## 
2022-12-14 20:46:32,837 INFO  [Log] ############   This is my login test again ################ 
2022-12-14 20:46:32,837 INFO  [Log] ########################## 
2022-12-14 20:46:32,837 INFO  [Log] ########################################## 
2022-12-14 20:46:34,685 INFO  [Log] ********************************** 
2022-12-14 20:46:34,685 INFO  [Log] ***************************************** 
2022-12-14 20:46:34,685 INFO  [Log] ############   My first test case is Login test ################ 
2022-12-14 20:46:34,685 INFO  [Log] ********************************** 
2022-12-14 20:46:34,685 INFO  [Log] ***************************************** 
2022-12-14 20:46:34,685 INFO  [Log] My login test is going on 
2022-12-14 20:46:34,685 INFO  [Log] My test case might be failed 
2022-12-14 20:46:36,771 INFO  [Log] My test case is about to complete 
2022-12-14 20:46:36,771 INFO  [Log] ################################## 
2022-12-14 20:46:36,771 INFO  [Log] ########################################## 
2022-12-14 20:46:36,771 INFO  [Log] ############   This is my login test again ################ 
2022-12-14 20:46:36,771 INFO  [Log] ########################## 
2022-12-14 20:46:36,771 INFO  [Log] ########################################## 
2022-12-16 10:53:41,609 INFO  [Log] ********************************** 
2022-12-16 10:53:41,609 INFO  [Log] ***************************************** 
2022-12-16 10:53:41,609 INFO  [Log] ############   My first test case is Login test ################ 
2022-12-16 10:53:41,609 INFO  [Log] ********************************** 
2022-12-16 10:53:41,609 INFO  [Log] ***************************************** 
2022-12-16 10:53:41,609 INFO  [Log] My login test is going on 
2022-12-16 10:53:41,609 INFO  [Log] My test case might be failed 
2022-12-16 10:53:44,014 INFO  [Log] My test case is about to complete 
2022-12-16 10:53:44,014 INFO  [Log] ################################## 
2022-12-16 10:53:44,014 INFO  [Log] ########################################## 
2022-12-16 10:53:44,014 INFO  [Log] ############   This is my login test again ################ 
2022-12-16 10:53:44,014 INFO  [Log] ########################## 
2022-12-16 10:53:44,014 INFO  [Log] ########################################## 
2022-12-16 10:53:45,625 INFO  [Log] ********************************** 
2022-12-16 10:53:45,625 INFO  [Log] ***************************************** 
2022-12-16 10:53:45,625 INFO  [Log] ############   My first test case is Login test ################ 
2022-12-16 10:53:45,625 INFO  [Log] ********************************** 
2022-12-16 10:53:45,625 INFO  [Log] ***************************************** 
2022-12-16 10:53:45,625 INFO  [Log] My login test is going on 
2022-12-16 10:53:45,625 INFO  [Log] My test case might be failed 
2022-12-16 10:53:47,823 INFO  [Log] My test case is about to complete 
2022-12-16 10:53:47,823 INFO  [Log] ################################## 
2022-12-16 10:53:47,823 INFO  [Log] ########################################## 
2022-12-16 10:53:47,823 INFO  [Log] ############   This is my login test again ################ 
2022-12-16 10:53:47,823 INFO  [Log] ########################## 
2022-12-16 10:53:47,823 INFO  [Log] ########################################## 
2022-12-23 13:40:34,469 INFO  [Log] ********************************** 
2022-12-23 13:40:34,469 INFO  [Log] ***************************************** 
2022-12-23 13:40:34,469 INFO  [Log] ############   My first test case is Login test ################ 
2022-12-23 13:40:34,469 INFO  [Log] ********************************** 
2022-12-23 13:40:34,469 INFO  [Log] ***************************************** 
2022-12-23 13:40:34,469 INFO  [Log] My login test is going on 
2022-12-23 13:40:34,469 INFO  [Log] My test case might be failed 
2022-12-23 13:40:36,633 INFO  [Log] My test case is about to complete 
2022-12-23 13:40:36,633 INFO  [Log] ################################## 
2022-12-23 13:40:36,633 INFO  [Log] ########################################## 
2022-12-23 13:40:36,633 INFO  [Log] ############   This is my login test again ################ 
2022-12-23 13:40:36,633 INFO  [Log] ########################## 
2022-12-23 13:40:36,633 INFO  [Log] ########################################## 
2022-12-23 13:40:38,425 INFO  [Log] ********************************** 
2022-12-23 13:40:38,426 INFO  [Log] ***************************************** 
2022-12-23 13:40:38,426 INFO  [Log] ############   My first test case is Login test ################ 
2022-12-23 13:40:38,426 INFO  [Log] ********************************** 
2022-12-23 13:40:38,426 INFO  [Log] ***************************************** 
2022-12-23 13:40:38,426 INFO  [Log] My login test is going on 
2022-12-23 13:40:38,426 INFO  [Log] My test case might be failed 
2022-12-23 13:40:40,337 INFO  [Log] My test case is about to complete 
2022-12-23 13:40:40,337 INFO  [Log] ################################## 
2022-12-23 13:40:40,337 INFO  [Log] ########################################## 
2022-12-23 13:40:40,337 INFO  [Log] ############   This is my login test again ################ 
2022-12-23 13:40:40,337 INFO  [Log] ########################## 
2022-12-23 13:40:40,337 INFO  [Log] ########################################## 
2022-12-23 13:42:10,976 INFO  [Log] ********************************** 
2022-12-23 13:42:10,976 INFO  [Log] ***************************************** 
2022-12-23 13:42:10,976 INFO  [Log] ############   My first test case is Login test ################ 
2022-12-23 13:42:10,976 INFO  [Log] ********************************** 
2022-12-23 13:42:10,976 INFO  [Log] ***************************************** 
2022-12-23 13:42:10,976 INFO  [Log] My login test is going on 
2022-12-23 13:42:10,976 INFO  [Log] My test case might be failed 
2022-12-23 13:42:13,100 INFO  [Log] My test case is about to complete 
2022-12-23 13:42:13,100 INFO  [Log] ################################## 
2022-12-23 13:42:13,100 INFO  [Log] ########################################## 
2022-12-23 13:42:13,100 INFO  [Log] ############   This is my login test again ################ 
2022-12-23 13:42:13,100 INFO  [Log] ########################## 
2022-12-23 13:42:13,100 INFO  [Log] ########################################## 
2022-12-23 13:42:14,895 INFO  [Log] ********************************** 
2022-12-23 13:42:14,895 INFO  [Log] ***************************************** 
2022-12-23 13:42:14,895 INFO  [Log] ############   My first test case is Login test ################ 
2022-12-23 13:42:14,895 INFO  [Log] ********************************** 
2022-12-23 13:42:14,895 INFO  [Log] ***************************************** 
2022-12-23 13:42:14,895 INFO  [Log] My login test is going on 
2022-12-23 13:42:14,895 INFO  [Log] My test case might be failed 
2022-12-23 13:42:17,070 INFO  [Log] My test case is about to complete 
2022-12-23 13:42:17,070 INFO  [Log] ################################## 
2022-12-23 13:42:17,070 INFO  [Log] ########################################## 
2022-12-23 13:42:17,070 INFO  [Log] ############   This is my login test again ################ 
2022-12-23 13:42:17,070 INFO  [Log] ########################## 
2022-12-23 13:42:17,070 INFO  [Log] ########################################## 
2022-12-23 19:35:41,644 INFO  [Log] ********************************** 
2022-12-23 19:35:41,644 INFO  [Log] ***************************************** 
2022-12-23 19:35:41,644 INFO  [Log] ############   My first test case is Login test ################ 
2022-12-23 19:35:41,644 INFO  [Log] ********************************** 
2022-12-23 19:35:41,644 INFO  [Log] ***************************************** 
2022-12-23 19:35:41,644 INFO  [Log] My login test is going on 
2022-12-23 19:35:41,644 INFO  [Log] My test case might be failed 
2022-12-23 19:35:43,595 INFO  [Log] My test case is about to complete 
2022-12-23 19:35:43,595 INFO  [Log] ################################## 
2022-12-23 19:35:43,595 INFO  [Log] ########################################## 
2022-12-23 19:35:43,595 INFO  [Log] ############   This is my login test again ################ 
2022-12-23 19:35:43,595 INFO  [Log] ########################## 
2022-12-23 19:35:43,595 INFO  [Log] ########################################## 
2022-12-23 19:35:45,330 INFO  [Log] ********************************** 
2022-12-23 19:35:45,331 INFO  [Log] ***************************************** 
2022-12-23 19:35:45,331 INFO  [Log] ############   My first test case is Login test ################ 
2022-12-23 19:35:45,331 INFO  [Log] ********************************** 
2022-12-23 19:35:45,331 INFO  [Log] ***************************************** 
2022-12-23 19:35:45,331 INFO  [Log] My login test is going on 
2022-12-23 19:35:45,331 INFO  [Log] My test case might be failed 
2022-12-23 19:35:47,652 INFO  [Log] My test case is about to complete 
2022-12-23 19:35:47,652 INFO  [Log] ################################## 
2022-12-23 19:35:47,652 INFO  [Log] ########################################## 
2022-12-23 19:35:47,652 INFO  [Log] ############   This is my login test again ################ 
2022-12-23 19:35:47,652 INFO  [Log] ########################## 
2022-12-23 19:35:47,652 INFO  [Log] ########################################## 
2022-12-27 23:27:06,412 INFO  [Log] ********************************** 
2022-12-27 23:27:06,412 INFO  [Log] ***************************************** 
2022-12-27 23:27:06,412 INFO  [Log] ############   My first test case is Login test ################ 
2022-12-27 23:27:06,412 INFO  [Log] ********************************** 
2022-12-27 23:27:06,412 INFO  [Log] ***************************************** 
2022-12-27 23:27:06,412 INFO  [Log] My login test is going on 
2022-12-27 23:27:06,412 INFO  [Log] My test case might be failed 
2022-12-27 23:27:08,449 INFO  [Log] My test case is about to complete 
2022-12-27 23:27:08,449 INFO  [Log] ################################## 
2022-12-27 23:27:08,449 INFO  [Log] ########################################## 
2022-12-27 23:27:08,449 INFO  [Log] ############   This is my login test again ################ 
2022-12-27 23:27:08,449 INFO  [Log] ########################## 
2022-12-27 23:27:08,449 INFO  [Log] ########################################## 
2022-12-27 23:27:10,193 INFO  [Log] ********************************** 
2022-12-27 23:27:10,193 INFO  [Log] ***************************************** 
2022-12-27 23:27:10,193 INFO  [Log] ############   My first test case is Login test ################ 
2022-12-27 23:27:10,193 INFO  [Log] ********************************** 
2022-12-27 23:27:10,193 INFO  [Log] ***************************************** 
2022-12-27 23:27:10,193 INFO  [Log] My login test is going on 
2022-12-27 23:27:10,193 INFO  [Log] My test case might be failed 
2022-12-27 23:27:12,190 INFO  [Log] My test case is about to complete 
2022-12-27 23:27:12,190 INFO  [Log] ################################## 
2022-12-27 23:27:12,190 INFO  [Log] ########################################## 
2022-12-27 23:27:12,190 INFO  [Log] ############   This is my login test again ################ 
2022-12-27 23:27:12,190 INFO  [Log] ########################## 
2022-12-27 23:27:12,190 INFO  [Log] ########################################## 
2022-12-28 01:15:36,283 INFO  [Log] ********************************** 
2022-12-28 01:15:36,284 INFO  [Log] ***************************************** 
2022-12-28 01:15:36,284 INFO  [Log] ############   My first test case is Login test ################ 
2022-12-28 01:15:36,284 INFO  [Log] ********************************** 
2022-12-28 01:15:36,284 INFO  [Log] ***************************************** 
2022-12-28 01:15:36,284 INFO  [Log] My login test is going on 
2022-12-28 01:15:36,284 INFO  [Log] My test case might be failed 
2022-12-28 01:15:38,407 INFO  [Log] My test case is about to complete 
2022-12-28 01:15:38,407 INFO  [Log] ################################## 
2022-12-28 01:15:38,407 INFO  [Log] ########################################## 
2022-12-28 01:15:38,407 INFO  [Log] ############   This is my login test again ################ 
2022-12-28 01:15:38,407 INFO  [Log] ########################## 
2022-12-28 01:15:38,407 INFO  [Log] ########################################## 
2022-12-28 01:15:39,989 INFO  [Log] ********************************** 
2022-12-28 01:15:39,989 INFO  [Log] ***************************************** 
2022-12-28 01:15:39,989 INFO  [Log] ############   My first test case is Login test ################ 
2022-12-28 01:15:39,989 INFO  [Log] ********************************** 
2022-12-28 01:15:39,989 INFO  [Log] ***************************************** 
2022-12-28 01:15:39,989 INFO  [Log] My login test is going on 
2022-12-28 01:15:39,989 INFO  [Log] My test case might be failed 
2022-12-28 01:15:41,952 INFO  [Log] My test case is about to complete 
2022-12-28 01:15:41,952 INFO  [Log] ################################## 
2022-12-28 01:15:41,952 INFO  [Log] ########################################## 
2022-12-28 01:15:41,952 INFO  [Log] ############   This is my login test again ################ 
2022-12-28 01:15:41,952 INFO  [Log] ########################## 
2022-12-28 01:15:41,952 INFO  [Log] ########################################## 
2022-12-28 01:18:01,999 INFO  [Log] ********************************** 
2022-12-28 01:18:01,999 INFO  [Log] ***************************************** 
2022-12-28 01:18:01,999 INFO  [Log] ############   My first test case is Login test ################ 
2022-12-28 01:18:01,999 INFO  [Log] ********************************** 
2022-12-28 01:18:01,999 INFO  [Log] ***************************************** 
2022-12-28 01:18:01,999 INFO  [Log] My login test is going on 
2022-12-28 01:18:01,999 INFO  [Log] My test case might be failed 
2022-12-28 01:18:02,744 INFO  [Log] My test case is about to complete 
2022-12-28 01:18:02,744 INFO  [Log] ################################## 
2022-12-28 01:18:02,744 INFO  [Log] ########################################## 
2022-12-28 01:18:02,744 INFO  [Log] ############   This is my login test again ################ 
2022-12-28 01:18:02,744 INFO  [Log] ########################## 
2022-12-28 01:18:02,744 INFO  [Log] ########################################## 
2022-12-28 01:20:27,212 INFO  [Log] ********************************** 
2022-12-28 01:20:27,212 INFO  [Log] ***************************************** 
2022-12-28 01:20:27,213 INFO  [Log] ############   My first test case is Login test ################ 
2022-12-28 01:20:27,213 INFO  [Log] ********************************** 
2022-12-28 01:20:27,213 INFO  [Log] ***************************************** 
2022-12-28 01:20:27,213 INFO  [Log] My login test is going on 
2022-12-28 01:20:27,213 INFO  [Log] My test case might be failed 
2022-12-28 01:20:29,045 INFO  [Log] My test case is about to complete 
2022-12-28 01:20:29,045 INFO  [Log] ################################## 
2022-12-28 01:20:29,045 INFO  [Log] ########################################## 
2022-12-28 01:20:29,045 INFO  [Log] ############   This is my login test again ################ 
2022-12-28 01:20:29,045 INFO  [Log] ########################## 
2022-12-28 01:20:29,045 INFO  [Log] ########################################## 
2022-12-28 01:24:47,698 INFO  [Log] ********************************** 
2022-12-28 01:24:47,698 INFO  [Log] ***************************************** 
2022-12-28 01:24:47,698 INFO  [Log] ############   My first test case is Login test ################ 
2022-12-28 01:24:47,698 INFO  [Log] ********************************** 
2022-12-28 01:24:47,698 INFO  [Log] ***************************************** 
2022-12-28 01:24:47,699 INFO  [Log] My login test is going on 
2022-12-28 01:24:47,699 INFO  [Log] My test case might be failed 
2022-12-28 01:24:49,797 INFO  [Log] My test case is about to complete 
2022-12-28 01:24:49,797 INFO  [Log] ################################## 
2022-12-28 01:24:49,797 INFO  [Log] ########################################## 
2022-12-28 01:24:49,797 INFO  [Log] ############   This is my login test again ################ 
2022-12-28 01:24:49,797 INFO  [Log] ########################## 
2022-12-28 01:24:49,797 INFO  [Log] ########################################## 
2022-12-28 01:29:26,998 INFO  [Log] ********************************** 
2022-12-28 01:29:26,998 INFO  [Log] ***************************************** 
2022-12-28 01:29:26,998 INFO  [Log] ############   My first test case is Login test ################ 
2022-12-28 01:29:26,998 INFO  [Log] ********************************** 
2022-12-28 01:29:26,998 INFO  [Log] ***************************************** 
2022-12-28 01:29:26,998 INFO  [Log] My login test is going on 
2022-12-28 01:29:26,998 INFO  [Log] My test case might be failed 
2022-12-28 01:29:29,123 INFO  [Log] My test case is about to complete 
2022-12-28 01:29:29,123 INFO  [Log] ################################## 
2022-12-28 01:29:29,123 INFO  [Log] ########################################## 
2022-12-28 01:29:29,123 INFO  [Log] ############   This is my login test again ################ 
2022-12-28 01:29:29,123 INFO  [Log] ########################## 
2022-12-28 01:29:29,123 INFO  [Log] ########################################## 
2023-01-08 12:27:56,333 INFO  [Log] ********************************** 
2023-01-08 12:27:56,334 INFO  [Log] ***************************************** 
2023-01-08 12:27:56,334 INFO  [Log] ############   My first test case is Login test ################ 
2023-01-08 12:27:56,334 INFO  [Log] ********************************** 
2023-01-08 12:27:56,334 INFO  [Log] ***************************************** 
2023-01-08 12:27:56,334 INFO  [Log] My login test is going on 
2023-01-08 12:27:56,334 INFO  [Log] My test case might be failed 
2023-01-08 12:28:03,144 INFO  [Log] My test case is about to complete 
2023-01-08 12:28:03,144 INFO  [Log] ################################## 
2023-01-08 12:28:03,144 INFO  [Log] ########################################## 
2023-01-08 12:28:03,144 INFO  [Log] ############   This is my login test again ################ 
2023-01-08 12:28:03,144 INFO  [Log] ########################## 
2023-01-08 12:28:03,145 INFO  [Log] ########################################## 
2023-01-08 12:30:36,830 INFO  [Log] ********************************** 
2023-01-08 12:30:36,831 INFO  [Log] ***************************************** 
2023-01-08 12:30:36,831 INFO  [Log] ############   My first test case is Login test ################ 
2023-01-08 12:30:36,831 INFO  [Log] ********************************** 
2023-01-08 12:30:36,831 INFO  [Log] ***************************************** 
2023-01-08 12:30:36,831 INFO  [Log] My login test is going on 
2023-01-08 12:30:36,831 INFO  [Log] My test case might be failed 
2023-01-08 12:30:43,485 INFO  [Log] My test case is about to complete 
2023-01-08 12:30:43,485 INFO  [Log] ################################## 
2023-01-08 12:30:43,485 INFO  [Log] ########################################## 
2023-01-08 12:30:43,485 INFO  [Log] ############   This is my login test again ################ 
2023-01-08 12:30:43,485 INFO  [Log] ########################## 
2023-01-08 12:30:43,485 INFO  [Log] ########################################## 
2023-01-08 12:37:36,441 INFO  [Log] ********************************** 
2023-01-08 12:37:36,442 INFO  [Log] ***************************************** 
2023-01-08 12:37:36,442 INFO  [Log] ############   My first test case is Login test ################ 
2023-01-08 12:37:36,442 INFO  [Log] ********************************** 
2023-01-08 12:37:36,442 INFO  [Log] ***************************************** 
2023-01-08 12:37:36,442 INFO  [Log] My login test is going on 
2023-01-08 12:37:36,442 INFO  [Log] My test case might be failed 
2023-01-08 12:37:43,166 INFO  [Log] My test case is about to complete 
2023-01-08 12:37:43,166 INFO  [Log] ################################## 
2023-01-08 12:37:43,166 INFO  [Log] ########################################## 
2023-01-08 12:37:43,166 INFO  [Log] ############   This is my login test again ################ 
2023-01-08 12:37:43,166 INFO  [Log] ########################## 
2023-01-08 12:37:43,166 INFO  [Log] ########################################## 
2023-01-08 12:42:29,819 INFO  [Log] ********************************** 
2023-01-08 12:42:29,820 INFO  [Log] ***************************************** 
2023-01-08 12:42:29,820 INFO  [Log] ############   My first test case is Login test ################ 
2023-01-08 12:42:29,820 INFO  [Log] ********************************** 
2023-01-08 12:42:29,820 INFO  [Log] ***************************************** 
2023-01-08 12:42:29,820 INFO  [Log] My login test is going on 
2023-01-08 12:42:29,820 INFO  [Log] My test case might be failed 
2023-01-08 12:42:36,173 INFO  [Log] My test case is about to complete 
2023-01-08 12:42:36,173 INFO  [Log] ################################## 
2023-01-08 12:42:36,173 INFO  [Log] ########################################## 
2023-01-08 12:42:36,173 INFO  [Log] ############   This is my login test again ################ 
2023-01-08 12:42:36,173 INFO  [Log] ########################## 
2023-01-08 12:42:36,173 INFO  [Log] ########################################## 
2023-01-08 12:43:16,238 INFO  [Log] ********************************** 
2023-01-08 12:43:16,239 INFO  [Log] ***************************************** 
2023-01-08 12:43:16,239 INFO  [Log] ############   My first test case is Login test ################ 
2023-01-08 12:43:16,239 INFO  [Log] ********************************** 
2023-01-08 12:43:16,239 INFO  [Log] ***************************************** 
2023-01-08 12:43:16,239 INFO  [Log] My login test is going on 
2023-01-08 12:43:16,239 INFO  [Log] My test case might be failed 
2023-01-08 12:43:22,585 INFO  [Log] My test case is about to complete 
2023-01-08 12:43:22,585 INFO  [Log] ################################## 
2023-01-08 12:43:22,585 INFO  [Log] ########################################## 
2023-01-08 12:43:22,585 INFO  [Log] ############   This is my login test again ################ 
2023-01-08 12:43:22,585 INFO  [Log] ########################## 
2023-01-08 12:43:22,585 INFO  [Log] ########################################## 
2023-01-08 12:44:19,170 INFO  [Log] ********************************** 
2023-01-08 12:44:19,170 INFO  [Log] ***************************************** 
2023-01-08 12:44:19,170 INFO  [Log] ############   My first test case is Login test ################ 
2023-01-08 12:44:19,170 INFO  [Log] ********************************** 
2023-01-08 12:44:19,170 INFO  [Log] ***************************************** 
2023-01-08 12:44:19,170 INFO  [Log] My login test is going on 
2023-01-08 12:44:19,170 INFO  [Log] My test case might be failed 
2023-01-08 12:44:25,898 INFO  [Log] My test case is about to complete 
2023-01-08 12:44:25,898 INFO  [Log] ################################## 
2023-01-08 12:44:25,898 INFO  [Log] ########################################## 
2023-01-08 12:44:25,899 INFO  [Log] ############   This is my login test again ################ 
2023-01-08 12:44:25,899 INFO  [Log] ########################## 
2023-01-08 12:44:25,899 INFO  [Log] ########################################## 
2023-01-08 12:47:59,740 INFO  [Log] ********************************** 
2023-01-08 12:47:59,740 INFO  [Log] ***************************************** 
2023-01-08 12:47:59,740 INFO  [Log] ############   My first test case is Login test ################ 
2023-01-08 12:47:59,740 INFO  [Log] ********************************** 
2023-01-08 12:47:59,740 INFO  [Log] ***************************************** 
2023-01-08 12:47:59,741 INFO  [Log] My login test is going on 
2023-01-08 12:47:59,741 INFO  [Log] My test case might be failed 
2023-01-08 12:48:06,125 INFO  [Log] My test case is about to complete 
2023-01-08 12:48:06,125 INFO  [Log] ################################## 
2023-01-08 12:48:06,125 INFO  [Log] ########################################## 
2023-01-08 12:48:06,125 INFO  [Log] ############   This is my login test again ################ 
2023-01-08 12:48:06,125 INFO  [Log] ########################## 
2023-01-08 12:48:06,125 INFO  [Log] ########################################## 
2023-01-08 13:02:05,484 INFO  [Log] ********************************** 
2023-01-08 13:02:05,484 INFO  [Log] ***************************************** 
2023-01-08 13:02:05,484 INFO  [Log] ############   My first test case is Login test ################ 
2023-01-08 13:02:05,484 INFO  [Log] ********************************** 
2023-01-08 13:02:05,484 INFO  [Log] ***************************************** 
2023-01-08 13:02:05,484 INFO  [Log] My login test is going on 
2023-01-08 13:02:05,484 INFO  [Log] My test case might be failed 
2023-01-08 13:02:07,800 INFO  [Log] My test case is about to complete 
2023-01-08 13:02:07,800 INFO  [Log] ################################## 
2023-01-08 13:02:07,800 INFO  [Log] ########################################## 
2023-01-08 13:02:07,800 INFO  [Log] ############   This is my login test again ################ 
2023-01-08 13:02:07,800 INFO  [Log] ########################## 
2023-01-08 13:02:07,800 INFO  [Log] ########################################## 
2023-01-08 13:02:22,664 INFO  [Log] ********************************** 
2023-01-08 13:02:22,664 INFO  [Log] ***************************************** 
2023-01-08 13:02:22,664 INFO  [Log] ############   My first test case is Login test ################ 
2023-01-08 13:02:22,664 INFO  [Log] ********************************** 
2023-01-08 13:02:22,664 INFO  [Log] ***************************************** 
2023-01-08 13:02:22,664 INFO  [Log] My login test is going on 
2023-01-08 13:02:22,664 INFO  [Log] My test case might be failed 
2023-01-08 13:02:29,101 INFO  [Log] My test case is about to complete 
2023-01-08 13:02:29,101 INFO  [Log] ################################## 
2023-01-08 13:02:29,101 INFO  [Log] ########################################## 
2023-01-08 13:02:29,101 INFO  [Log] ############   This is my login test again ################ 
2023-01-08 13:02:29,101 INFO  [Log] ########################## 
2023-01-08 13:02:29,101 INFO  [Log] ########################################## 
2023-01-08 13:05:42,499 INFO  [Log] ********************************** 
2023-01-08 13:05:42,500 INFO  [Log] ***************************************** 
2023-01-08 13:05:42,500 INFO  [Log] ############   My first test case is Login test ################ 
2023-01-08 13:05:42,500 INFO  [Log] ********************************** 
2023-01-08 13:05:42,500 INFO  [Log] ***************************************** 
2023-01-08 13:05:42,500 INFO  [Log] My login test is going on 
2023-01-08 13:05:42,500 INFO  [Log] My test case might be failed 
2023-01-08 13:05:49,345 INFO  [Log] My test case is about to complete 
2023-01-08 13:05:49,345 INFO  [Log] ################################## 
2023-01-08 13:05:49,346 INFO  [Log] ########################################## 
2023-01-08 13:05:49,346 INFO  [Log] ############   This is my login test again ################ 
2023-01-08 13:05:49,346 INFO  [Log] ########################## 
2023-01-08 13:05:49,346 INFO  [Log] ########################################## 
2023-01-08 13:11:10,456 INFO  [Log] ********************************** 
2023-01-08 13:11:10,457 INFO  [Log] ***************************************** 
2023-01-08 13:11:10,457 INFO  [Log] ############   My first test case is Login test ################ 
2023-01-08 13:11:10,457 INFO  [Log] ********************************** 
2023-01-08 13:11:10,457 INFO  [Log] ***************************************** 
2023-01-08 13:11:10,457 INFO  [Log] My login test is going on 
2023-01-08 13:11:10,457 INFO  [Log] My test case might be failed 
2023-01-08 13:11:16,936 INFO  [Log] My test case is about to complete 
2023-01-08 13:11:16,937 INFO  [Log] ################################## 
2023-01-08 13:11:16,937 INFO  [Log] ########################################## 
2023-01-08 13:11:16,937 INFO  [Log] ############   This is my login test again ################ 
2023-01-08 13:11:16,937 INFO  [Log] ########################## 
2023-01-08 13:11:16,937 INFO  [Log] ########################################## 
2023-01-08 13:12:20,932 INFO  [Log] ********************************** 
2023-01-08 13:12:20,932 INFO  [Log] ***************************************** 
2023-01-08 13:12:20,932 INFO  [Log] ############   My first test case is Login test ################ 
2023-01-08 13:12:20,932 INFO  [Log] ********************************** 
2023-01-08 13:12:20,932 INFO  [Log] ***************************************** 
2023-01-08 13:12:20,932 INFO  [Log] My login test is going on 
2023-01-08 13:12:20,932 INFO  [Log] My test case might be failed 
2023-01-08 13:12:27,358 INFO  [Log] My test case is about to complete 
2023-01-08 13:12:27,358 INFO  [Log] ################################## 
2023-01-08 13:12:27,358 INFO  [Log] ########################################## 
2023-01-08 13:12:27,358 INFO  [Log] ############   This is my login test again ################ 
2023-01-08 13:12:27,358 INFO  [Log] ########################## 
2023-01-08 13:12:27,358 INFO  [Log] ########################################## 
2023-01-08 13:13:25,733 INFO  [Log] ********************************** 
2023-01-08 13:13:25,733 INFO  [Log] ***************************************** 
2023-01-08 13:13:25,733 INFO  [Log] ############   My first test case is Login test ################ 
2023-01-08 13:13:25,733 INFO  [Log] ********************************** 
2023-01-08 13:13:25,733 INFO  [Log] ***************************************** 
2023-01-08 13:13:25,733 INFO  [Log] My login test is going on 
2023-01-08 13:13:25,733 INFO  [Log] My test case might be failed 
2023-01-08 13:13:31,938 INFO  [Log] My test case is about to complete 
2023-01-08 13:13:31,938 INFO  [Log] ################################## 
2023-01-08 13:13:31,938 INFO  [Log] ########################################## 
2023-01-08 13:13:31,938 INFO  [Log] ############   This is my login test again ################ 
2023-01-08 13:13:31,938 INFO  [Log] ########################## 
2023-01-08 13:13:31,938 INFO  [Log] ########################################## 
2023-01-08 13:14:22,196 INFO  [Log] ********************************** 
2023-01-08 13:14:22,196 INFO  [Log] ***************************************** 
2023-01-08 13:14:22,196 INFO  [Log] ############   My first test case is Login test ################ 
2023-01-08 13:14:22,196 INFO  [Log] ********************************** 
2023-01-08 13:14:22,196 INFO  [Log] ***************************************** 
2023-01-08 13:14:22,196 INFO  [Log] My login test is going on 
2023-01-08 13:14:22,196 INFO  [Log] My test case might be failed 
2023-01-08 13:14:28,831 INFO  [Log] My test case is about to complete 
2023-01-08 13:14:28,831 INFO  [Log] ################################## 
2023-01-08 13:14:28,831 INFO  [Log] ########################################## 
2023-01-08 13:14:28,831 INFO  [Log] ############   This is my login test again ################ 
2023-01-08 13:14:28,831 INFO  [Log] ########################## 
2023-01-08 13:14:28,831 INFO  [Log] ########################################## 
2023-01-08 13:15:49,178 INFO  [Log] ********************************** 
2023-01-08 13:15:49,179 INFO  [Log] ***************************************** 
2023-01-08 13:15:49,179 INFO  [Log] ############   My first test case is Login test ################ 
2023-01-08 13:15:49,179 INFO  [Log] ********************************** 
2023-01-08 13:15:49,179 INFO  [Log] ***************************************** 
2023-01-08 13:15:49,179 INFO  [Log] My login test is going on 
2023-01-08 13:15:49,179 INFO  [Log] My test case might be failed 
2023-01-08 13:15:56,402 INFO  [Log] My test case is about to complete 
2023-01-08 13:15:56,402 INFO  [Log] ################################## 
2023-01-08 13:15:56,402 INFO  [Log] ########################################## 
2023-01-08 13:15:56,402 INFO  [Log] ############   This is my login test again ################ 
2023-01-08 13:15:56,403 INFO  [Log] ########################## 
2023-01-08 13:15:56,404 INFO  [Log] ########################################## 
2023-01-08 13:50:32,628 INFO  [Log] ********************************** 
2023-01-08 13:50:32,629 INFO  [Log] ***************************************** 
2023-01-08 13:50:32,629 INFO  [Log] ############   My first test case is Login test ################ 
2023-01-08 13:50:32,629 INFO  [Log] ********************************** 
2023-01-08 13:50:32,629 INFO  [Log] ***************************************** 
2023-01-08 13:50:32,629 INFO  [Log] My login test is going on 
2023-01-08 13:50:32,629 INFO  [Log] My test case might be failed 
2023-01-08 13:50:39,953 INFO  [Log] My test case is about to complete 
2023-01-08 13:50:39,954 INFO  [Log] ################################## 
2023-01-08 13:50:39,954 INFO  [Log] ########################################## 
2023-01-08 13:50:39,954 INFO  [Log] ############   This is my login test again ################ 
2023-01-08 13:50:39,954 INFO  [Log] ########################## 
2023-01-08 13:50:39,954 INFO  [Log] ########################################## 
2023-01-08 13:53:08,135 INFO  [Log] ********************************** 
2023-01-08 13:53:08,136 INFO  [Log] ***************************************** 
2023-01-08 13:53:08,136 INFO  [Log] ############   My first test case is Login test ################ 
2023-01-08 13:53:08,136 INFO  [Log] ********************************** 
2023-01-08 13:53:08,136 INFO  [Log] ***************************************** 
2023-01-08 13:53:08,139 INFO  [Log] My login test is going on 
2023-01-08 13:53:08,139 INFO  [Log] My test case might be failed 
2023-01-08 13:53:15,369 INFO  [Log] My test case is about to complete 
2023-01-08 13:53:15,369 INFO  [Log] ################################## 
2023-01-08 13:53:15,369 INFO  [Log] ########################################## 
2023-01-08 13:53:15,369 INFO  [Log] ############   This is my login test again ################ 
2023-01-08 13:53:15,369 INFO  [Log] ########################## 
2023-01-08 13:53:15,369 INFO  [Log] ########################################## 
2023-01-17 20:23:04,301 INFO  [Log] ********************************** 
2023-01-17 20:23:04,302 INFO  [Log] ***************************************** 
2023-01-17 20:23:04,302 INFO  [Log] ############   My first test case is Login test ################ 
2023-01-17 20:23:04,302 INFO  [Log] ********************************** 
2023-01-17 20:23:04,302 INFO  [Log] ***************************************** 
2023-01-17 20:23:04,302 INFO  [Log] My login test is going on 
2023-01-17 20:23:04,302 INFO  [Log] My test case might be failed 
2023-01-17 20:23:11,526 INFO  [Log] My test case is about to complete 
2023-01-17 20:23:11,526 INFO  [Log] ################################## 
2023-01-17 20:23:11,526 INFO  [Log] ########################################## 
2023-01-17 20:23:11,527 INFO  [Log] ############   This is my login test again ################ 
2023-01-17 20:23:11,527 INFO  [Log] ########################## 
2023-01-17 20:23:11,527 INFO  [Log] ########################################## 
2023-01-21 10:01:26,167 INFO  [Log] ********************************** 
2023-01-21 10:01:26,168 INFO  [Log] ***************************************** 
2023-01-21 10:01:26,168 INFO  [Log] ############   My first test case is Login test ################ 
2023-01-21 10:01:26,168 INFO  [Log] ********************************** 
2023-01-21 10:01:26,168 INFO  [Log] ***************************************** 
2023-01-21 10:01:26,168 INFO  [Log] My login test is going on 
2023-01-21 10:01:26,168 INFO  [Log] My test case might be failed 
2023-01-21 10:01:26,462 INFO  [Log] My test case is about to complete 
2023-01-21 10:01:26,462 INFO  [Log] ################################## 
2023-01-21 10:01:26,462 INFO  [Log] ########################################## 
2023-01-21 10:01:26,462 INFO  [Log] ############   This is my login test again ################ 
2023-01-21 10:01:26,462 INFO  [Log] ########################## 
2023-01-21 10:01:26,462 INFO  [Log] ########################################## 
